C:\Users\Harit\Desktop\TheHunt\.venv\Lib\site-packages\stable_baselines3\ppo\ppo.py:155: UserWarning: You have specified a mini-batch size of 1536, but because the `RolloutBuffer` is of size `n_steps * n_envs = 1024`, after every 0 untruncated mini-batches, there will be a truncated mini-batch of size 1024
We recommend using a `batch_size` that is a factor of `n_steps * n_envs`.
Info: (n_steps=256 and n_envs=4)
  warnings.warn(
C:\Users\Harit\Desktop\TheHunt\.venv\Lib\site-packages\stable_baselines3\ppo\ppo.py:155: UserWarning: You have specified a mini-batch size of 1536, but because the `RolloutBuffer` is of size `n_steps * n_envs = 1024`, after every 0 untruncated mini-batches, there will be a truncated mini-batch of size 1024
We recommend using a `batch_size` that is a factor of `n_steps * n_envs`.
Info: (n_steps=256 and n_envs=4)
  warnings.warn(
=== STARTING ADVERSARIAL CO-EVOLUTION ===
Predator Speed: 100% | Prey Speed: 50.0%
Grid Size: 30x30
Prey Count: 50
Max Steps per Episode: 500
Creating NEW Predator...
Creating NEW Prey...

--- Cycle 1/20 ---
>> Training Predator (Goal: Catch >= 70%)...
   [Predator] Steps: 25000 | Catch Rate: 9.2%
   [Predator] Steps: 50000 | Catch Rate: 15.2%
>> Training Prey (Goal: Catch <= 40%)...
   [Baseline before prey training: 17.2%]
   [Prey] Steps: 25000 | Catch Rate: 13.6%
   -> Prey Goal Reached!
Result: 10.0 ± 6.8 caught | First catch @ step 105 | Starved: 0/5
Generating GIF: output\bounded_with_obstacles\cycle_1.gif...
Captured 500 frames. Saving GIF...
Saved output\bounded_with_obstacles\cycle_1.gif

--- Cycle 2/20 ---
>> Training Predator (Goal: Catch >= 70%)...
   [Predator] Steps: 25000 | Catch Rate: 20.8%
   [Predator] Steps: 50000 | Catch Rate: 17.2%
>> Training Prey (Goal: Catch <= 40%)...
   [Baseline before prey training: 16.0%]
   [Prey] Steps: 25000 | Catch Rate: 9.2%
   -> Prey Goal Reached!
Result: 5.2 ± 3.0 caught | First catch @ step 114 | Starved: 0/5
Generating GIF: output\bounded_with_obstacles\cycle_2.gif...
Captured 500 frames. Saving GIF...
Saved output\bounded_with_obstacles\cycle_2.gif

--- Cycle 3/20 ---
>> Training Predator (Goal: Catch >= 70%)...
   [Predator] Steps: 25000 | Catch Rate: 5.6%
   [Predator] Steps: 50000 | Catch Rate: 11.6%
>> Training Prey (Goal: Catch <= 40%)...
   [Baseline before prey training: 31.6%]
   [Prey] Steps: 25000 | Catch Rate: 6.8%
   -> Prey Goal Reached!
Result: 4.2 ± 3.1 caught | First catch @ step 20 | Starved: 0/5
Generating GIF: output\bounded_with_obstacles\cycle_3.gif...
Captured 500 frames. Saving GIF...
Saved output\bounded_with_obstacles\cycle_3.gif

--- Cycle 4/20 ---
>> Training Predator (Goal: Catch >= 70%)...
   [Predator] Steps: 25000 | Catch Rate: 10.8%
   [Predator] Steps: 50000 | Catch Rate: 14.4%
>> Training Prey (Goal: Catch <= 40%)...
   [Baseline before prey training: 10.4%]
   [Prey] Steps: 25000 | Catch Rate: 11.6%
   -> Prey Goal Reached!
Result: 5.4 ± 2.7 caught | First catch @ step 22 | Starved: 0/5
Generating GIF: output\bounded_with_obstacles\cycle_4.gif...
Captured 500 frames. Saving GIF...
Saved output\bounded_with_obstacles\cycle_4.gif

--- Cycle 5/20 ---
>> Training Predator (Goal: Catch >= 70%)...
   [Predator] Steps: 25000 | Catch Rate: 6.0%
   [Predator] Steps: 50000 | Catch Rate: 11.2%
>> Training Prey (Goal: Catch <= 40%)...
   [Baseline before prey training: 11.2%]
   [Prey] Steps: 25000 | Catch Rate: 15.6%
   -> Prey Goal Reached!
Result: 4.8 ± 1.7 caught | First catch @ step 48 | Starved: 0/5
Generating GIF: output\bounded_with_obstacles\cycle_5.gif...
Captured 500 frames. Saving GIF...
Saved output\bounded_with_obstacles\cycle_5.gif

--- Cycle 6/20 ---
>> Training Predator (Goal: Catch >= 70%)...
   [Predator] Steps: 25000 | Catch Rate: 0.8%
   [Predator] Steps: 50000 | Catch Rate: 8.0%
>> Training Prey (Goal: Catch <= 40%)...
   [Baseline before prey training: 16.8%]
   [Prey] Steps: 25000 | Catch Rate: 11.6%
   -> Prey Goal Reached!
Result: 12.0 ± 10.3 caught | First catch @ step 18 | Starved: 0/5
Generating GIF: output\bounded_with_obstacles\cycle_6.gif...
Captured 500 frames. Saving GIF...
Saved output\bounded_with_obstacles\cycle_6.gif

--- Cycle 7/20 ---
>> Training Predator (Goal: Catch >= 70%)...
   [Predator] Steps: 25000 | Catch Rate: 12.0%
   [Predator] Steps: 50000 | Catch Rate: 20.4%
>> Training Prey (Goal: Catch <= 40%)...
   [Baseline before prey training: 2.0%]
   [Prey] Steps: 25000 | Catch Rate: 12.8%
   -> Prey Goal Reached!
Result: 2.8 ± 1.6 caught | First catch @ step 22 | Starved: 0/5
Generating GIF: output\bounded_with_obstacles\cycle_7.gif...
Captured 500 frames. Saving GIF...
Saved output\bounded_with_obstacles\cycle_7.gif

--- Cycle 8/20 ---
>> Training Predator (Goal: Catch >= 70%)...
   [Predator] Steps: 25000 | Catch Rate: 10.0%
   [Predator] Steps: 50000 | Catch Rate: 2.4%
>> Training Prey (Goal: Catch <= 40%)...
   [Baseline before prey training: 6.0%]
   [Prey] Steps: 25000 | Catch Rate: 21.6%
   -> Prey Goal Reached!
Result: 6.4 ± 4.1 caught | First catch @ step 154 | Starved: 0/5
Generating GIF: output\bounded_with_obstacles\cycle_8.gif...
Captured 500 frames. Saving GIF...
Saved output\bounded_with_obstacles\cycle_8.gif

--- Cycle 9/20 ---
>> Training Predator (Goal: Catch >= 70%)...
   [Predator] Steps: 25000 | Catch Rate: 16.4%
   [Predator] Steps: 50000 | Catch Rate: 8.8%
>> Training Prey (Goal: Catch <= 40%)...
   [Baseline before prey training: 19.2%]
   [Prey] Steps: 25000 | Catch Rate: 8.8%
   -> Prey Goal Reached!
Result: 13.8 ± 8.0 caught | First catch @ step 4 | Starved: 0/5
Generating GIF: output\bounded_with_obstacles\cycle_9.gif...
Captured 500 frames. Saving GIF...
Saved output\bounded_with_obstacles\cycle_9.gif

--- Cycle 10/20 ---
>> Training Predator (Goal: Catch >= 70%)...
   [Predator] Steps: 25000 | Catch Rate: 12.8%
   [Predator] Steps: 50000 | Catch Rate: 10.0%
>> Training Prey (Goal: Catch <= 40%)...
   [Baseline before prey training: 15.2%]
   [Prey] Steps: 25000 | Catch Rate: 25.2%
   -> Prey Goal Reached!
Result: 5.2 ± 3.9 caught | First catch @ step 21 | Starved: 0/5
Generating GIF: output\bounded_with_obstacles\cycle_10.gif...
Captured 500 frames. Saving GIF...
Saved output\bounded_with_obstacles\cycle_10.gif

--- Cycle 11/20 ---
>> Training Predator (Goal: Catch >= 70%)...
   [Predator] Steps: 25000 | Catch Rate: 30.0%
   [Predator] Steps: 50000 | Catch Rate: 11.6%
>> Training Prey (Goal: Catch <= 40%)...
   [Baseline before prey training: 10.8%]
   [Prey] Steps: 25000 | Catch Rate: 12.0%
   -> Prey Goal Reached!
Result: 7.2 ± 3.7 caught | First catch @ step 27 | Starved: 0/5
Generating GIF: output\bounded_with_obstacles\cycle_11.gif...
Captured 500 frames. Saving GIF...
Saved output\bounded_with_obstacles\cycle_11.gif

--- Cycle 12/20 ---
>> Training Predator (Goal: Catch >= 70%)...
   [Predator] Steps: 25000 | Catch Rate: 11.2%
   [Predator] Steps: 50000 | Catch Rate: 1.6%
>> Training Prey (Goal: Catch <= 40%)...
   [Baseline before prey training: 12.8%]
   [Prey] Steps: 25000 | Catch Rate: 10.8%
   -> Prey Goal Reached!
Result: 12.2 ± 13.0 caught | First catch @ step 20 | Starved: 0/5
Generating GIF: output\bounded_with_obstacles\cycle_12.gif...
Captured 500 frames. Saving GIF...
Saved output\bounded_with_obstacles\cycle_12.gif

--- Cycle 13/20 ---
>> Training Predator (Goal: Catch >= 70%)...
   [Predator] Steps: 25000 | Catch Rate: 11.6%
   [Predator] Steps: 50000 | Catch Rate: 10.8%
>> Training Prey (Goal: Catch <= 40%)...
   [Baseline before prey training: 16.0%]
   [Prey] Steps: 25000 | Catch Rate: 20.0%
   -> Prey Goal Reached!
Result: 11.8 ± 3.2 caught | First catch @ step 7 | Starved: 0/5
Generating GIF: output\bounded_with_obstacles\cycle_13.gif...
Captured 500 frames. Saving GIF...
Saved output\bounded_with_obstacles\cycle_13.gif

--- Cycle 14/20 ---
>> Training Predator (Goal: Catch >= 70%)...
   [Predator] Steps: 25000 | Catch Rate: 20.8%
   [Predator] Steps: 50000 | Catch Rate: 18.8%
>> Training Prey (Goal: Catch <= 40%)...
   [Baseline before prey training: 25.2%]
   [Prey] Steps: 25000 | Catch Rate: 18.4%
   -> Prey Goal Reached!
Result: 8.8 ± 4.1 caught | First catch @ step 7 | Starved: 0/5
Generating GIF: output\bounded_with_obstacles\cycle_14.gif...
Captured 500 frames. Saving GIF...
Saved output\bounded_with_obstacles\cycle_14.gif

--- Cycle 15/20 ---
>> Training Predator (Goal: Catch >= 70%)...
   [Predator] Steps: 25000 | Catch Rate: 19.2%
   [Predator] Steps: 50000 | Catch Rate: 17.6%
>> Training Prey (Goal: Catch <= 40%)...
   [Baseline before prey training: 10.8%]
   [Prey] Steps: 25000 | Catch Rate: 8.4%
   -> Prey Goal Reached!
Result: 6.8 ± 5.3 caught | First catch @ step 7 | Starved: 0/5
Generating GIF: output\bounded_with_obstacles\cycle_15.gif...
Captured 500 frames. Saving GIF...
Saved output\bounded_with_obstacles\cycle_15.gif

--- Cycle 16/20 ---
>> Training Predator (Goal: Catch >= 70%)...
   [Predator] Steps: 25000 | Catch Rate: 26.4%
   [Predator] Steps: 50000 | Catch Rate: 24.0%
>> Training Prey (Goal: Catch <= 40%)...
   [Baseline before prey training: 11.6%]
   [Prey] Steps: 25000 | Catch Rate: 7.2%
   -> Prey Goal Reached!
Result: 13.0 ± 11.6 caught | First catch @ step 58 | Starved: 0/5
Generating GIF: output\bounded_with_obstacles\cycle_16.gif...
Captured 500 frames. Saving GIF...
Saved output\bounded_with_obstacles\cycle_16.gif

--- Cycle 17/20 ---
>> Training Predator (Goal: Catch >= 70%)...
   [Predator] Steps: 25000 | Catch Rate: 5.6%
   [Predator] Steps: 50000 | Catch Rate: 17.2%
>> Training Prey (Goal: Catch <= 40%)...
   [Baseline before prey training: 13.2%]
   [Prey] Steps: 25000 | Catch Rate: 20.0%
   -> Prey Goal Reached!
Result: 8.4 ± 7.0 caught | First catch @ step 110 | Starved: 0/5
Generating GIF: output\bounded_with_obstacles\cycle_17.gif...
Captured 500 frames. Saving GIF...
Saved output\bounded_with_obstacles\cycle_17.gif

--- Cycle 18/20 ---
>> Training Predator (Goal: Catch >= 70%)...
   [Predator] Steps: 25000 | Catch Rate: 9.6%
   [Predator] Steps: 50000 | Catch Rate: 12.8%
>> Training Prey (Goal: Catch <= 40%)...
   [Baseline before prey training: 2.8%]
   [Prey] Steps: 25000 | Catch Rate: 13.2%
   -> Prey Goal Reached!
Result: 3.4 ± 1.6 caught | First catch @ step 15 | Starved: 0/5
Generating GIF: output\bounded_with_obstacles\cycle_18.gif...
Captured 500 frames. Saving GIF...
Saved output\bounded_with_obstacles\cycle_18.gif

--- Cycle 19/20 ---
>> Training Predator (Goal: Catch >= 70%)...
   [Predator] Steps: 25000 | Catch Rate: 10.4%
   [Predator] Steps: 50000 | Catch Rate: 12.0%
>> Training Prey (Goal: Catch <= 40%)...
   [Baseline before prey training: 27.2%]
   [Prey] Steps: 25000 | Catch Rate: 18.0%
   -> Prey Goal Reached!
Result: 5.2 ± 4.7 caught | First catch @ step 102 | Starved: 0/5
Generating GIF: output\bounded_with_obstacles\cycle_19.gif...
Captured 500 frames. Saving GIF...
Saved output\bounded_with_obstacles\cycle_19.gif

--- Cycle 20/20 ---
>> Training Predator (Goal: Catch >= 70%)...
   [Predator] Steps: 25000 | Catch Rate: 20.8%
   [Predator] Steps: 50000 | Catch Rate: 7.2%
>> Training Prey (Goal: Catch <= 40%)...
   [Baseline before prey training: 13.6%]
   [Prey] Steps: 25000 | Catch Rate: 9.2%
   -> Prey Goal Reached!
Result: 13.6 ± 9.6 caught | First catch @ step 9 | Starved: 0/5
Generating GIF: output\bounded_with_obstacles\cycle_20.gif...
Captured 500 frames. Saving GIF...
Saved output\bounded_with_obstacles\cycle_20.gif
Training Complete.
Saved analysis to output\bounded_with_obstacles/coevolution_analysis.png
