C:\Users\Harit\Desktop\TheHunt\.venv\Lib\site-packages\stable_baselines3\ppo\ppo.py:155: UserWarning: You have specified a mini-batch size of 1536, but because the `RolloutBuffer` is of size `n_steps * n_envs = 1024`, after every 0 untruncated mini-batches, there will be a truncated mini-batch of size 1024
We recommend using a `batch_size` that is a factor of `n_steps * n_envs`.
Info: (n_steps=256 and n_envs=4)
  warnings.warn(
C:\Users\Harit\Desktop\TheHunt\.venv\Lib\site-packages\stable_baselines3\ppo\ppo.py:155: UserWarning: You have specified a mini-batch size of 1536, but because the `RolloutBuffer` is of size `n_steps * n_envs = 1024`, after every 0 untruncated mini-batches, there will be a truncated mini-batch of size 1024
We recommend using a `batch_size` that is a factor of `n_steps * n_envs`.
Info: (n_steps=256 and n_envs=4)
  warnings.warn(
=== STARTING ADVERSARIAL CO-EVOLUTION ===
Predator Speed: 100% | Prey Speed: 50.0%
Grid Size: 30x30
Prey Count: 50
Max Steps per Episode: 500
Creating NEW Predator...
Creating NEW Prey...

--- Cycle 1/20 ---
>> Training Predator (Goal: Catch >= 70%)...
   [Predator] Steps: 25000 | Catch Rate: 7.6%
   [Predator] Steps: 50000 | Catch Rate: 18.8%
>> Training Prey (Goal: Catch <= 40%)...
   [Baseline before prey training: 18.0%]
   [Prey] Steps: 25000 | Catch Rate: 26.8%
   -> Prey Goal Reached!
Result: 14.6 ± 4.5 caught | First catch @ step 18 | Starved: 0/5
Generating GIF: output\toroidal_no_obstacles\cycle_1.gif...
Captured 500 frames. Saving GIF...
Saved output\toroidal_no_obstacles\cycle_1.gif

--- Cycle 2/20 ---
>> Training Predator (Goal: Catch >= 70%)...
   [Predator] Steps: 25000 | Catch Rate: 32.8%
   [Predator] Steps: 50000 | Catch Rate: 30.8%
>> Training Prey (Goal: Catch <= 40%)...
   [Baseline before prey training: 36.4%]
   [Prey] Steps: 25000 | Catch Rate: 27.2%
   -> Prey Goal Reached!
Result: 21.6 ± 6.9 caught | First catch @ step 31 | Starved: 0/5
Generating GIF: output\toroidal_no_obstacles\cycle_2.gif...
Captured 500 frames. Saving GIF...
Saved output\toroidal_no_obstacles\cycle_2.gif

--- Cycle 3/20 ---
>> Training Predator (Goal: Catch >= 70%)...
   [Predator] Steps: 25000 | Catch Rate: 37.2%
   [Predator] Steps: 50000 | Catch Rate: 35.2%
>> Training Prey (Goal: Catch <= 40%)...
   [Baseline before prey training: 33.2%]
   [Prey] Steps: 25000 | Catch Rate: 15.6%
   -> Prey Goal Reached!
Result: 7.2 ± 3.3 caught | First catch @ step 43 | Starved: 0/5
Generating GIF: output\toroidal_no_obstacles\cycle_3.gif...
Captured 500 frames. Saving GIF...
Saved output\toroidal_no_obstacles\cycle_3.gif

--- Cycle 4/20 ---
>> Training Predator (Goal: Catch >= 70%)...
   [Predator] Steps: 25000 | Catch Rate: 28.0%
   [Predator] Steps: 50000 | Catch Rate: 46.4%
>> Training Prey (Goal: Catch <= 40%)...
   [Baseline before prey training: 54.4%]
   [Prey] Steps: 25000 | Catch Rate: 16.8%
   -> Prey Goal Reached!
Result: 15.8 ± 9.5 caught | First catch @ step 81 | Starved: 0/5
Generating GIF: output\toroidal_no_obstacles\cycle_4.gif...
Captured 500 frames. Saving GIF...
Saved output\toroidal_no_obstacles\cycle_4.gif

--- Cycle 5/20 ---
>> Training Predator (Goal: Catch >= 70%)...
   [Predator] Steps: 25000 | Catch Rate: 44.8%
   [Predator] Steps: 50000 | Catch Rate: 62.0%
>> Training Prey (Goal: Catch <= 40%)...
   [Baseline before prey training: 51.2%]
   [Prey] Steps: 25000 | Catch Rate: 36.8%
   -> Prey Goal Reached!
Result: 18.4 ± 8.4 caught | First catch @ step 8 | Starved: 0/5
Generating GIF: output\toroidal_no_obstacles\cycle_5.gif...
Captured 500 frames. Saving GIF...
Saved output\toroidal_no_obstacles\cycle_5.gif

--- Cycle 6/20 ---
>> Training Predator (Goal: Catch >= 70%)...
   [Predator] Steps: 25000 | Catch Rate: 40.0%
   [Predator] Steps: 50000 | Catch Rate: 54.4%
>> Training Prey (Goal: Catch <= 40%)...
   [Baseline before prey training: 66.0%]
   [Prey] Steps: 25000 | Catch Rate: 24.0%
   -> Prey Goal Reached!
Result: 8.2 ± 9.9 caught | First catch @ step 16 | Starved: 0/5
Generating GIF: output\toroidal_no_obstacles\cycle_6.gif...
Captured 500 frames. Saving GIF...
Saved output\toroidal_no_obstacles\cycle_6.gif

--- Cycle 7/20 ---
>> Training Predator (Goal: Catch >= 70%)...
   [Predator] Steps: 25000 | Catch Rate: 22.0%
   [Predator] Steps: 50000 | Catch Rate: 19.6%
>> Training Prey (Goal: Catch <= 40%)...
   [Baseline before prey training: 24.8%]
   [Prey] Steps: 25000 | Catch Rate: 29.2%
   -> Prey Goal Reached!
Result: 20.2 ± 11.2 caught | First catch @ step 13 | Starved: 0/5
Generating GIF: output\toroidal_no_obstacles\cycle_7.gif...
Captured 500 frames. Saving GIF...
Saved output\toroidal_no_obstacles\cycle_7.gif

--- Cycle 8/20 ---
>> Training Predator (Goal: Catch >= 70%)...
   [Predator] Steps: 25000 | Catch Rate: 74.0%
   -> Predator Goal Reached!
>> Training Prey (Goal: Catch <= 40%)...
   [Baseline before prey training: 65.6%]
   [Prey] Steps: 25000 | Catch Rate: 43.2%
   [Prey] Steps: 50000 | Catch Rate: 12.4%
   -> Prey Goal Reached!
Result: 7.2 ± 6.9 caught | First catch @ step 43 | Starved: 0/5
Generating GIF: output\toroidal_no_obstacles\cycle_8.gif...
Captured 428 frames. Saving GIF...
Saved output\toroidal_no_obstacles\cycle_8.gif

--- Cycle 9/20 ---
>> Training Predator (Goal: Catch >= 70%)...
   [Predator] Steps: 25000 | Catch Rate: 11.2%
   [Predator] Steps: 50000 | Catch Rate: 7.2%
>> Training Prey (Goal: Catch <= 40%)...
   [Baseline before prey training: 14.8%]
   [Prey] Steps: 25000 | Catch Rate: 0.4%
   -> Prey Goal Reached!
Result: 2.2 ± 4.4 caught | First catch @ step 3 | Starved: 0/5
Generating GIF: output\toroidal_no_obstacles\cycle_9.gif...
Captured 211 frames. Saving GIF...
Saved output\toroidal_no_obstacles\cycle_9.gif

--- Cycle 10/20 ---
>> Training Predator (Goal: Catch >= 70%)...
   [Predator] Steps: 25000 | Catch Rate: 16.0%
   [Predator] Steps: 50000 | Catch Rate: 8.4%
>> Training Prey (Goal: Catch <= 40%)...
   [Baseline before prey training: 8.8%]
   [Prey] Steps: 25000 | Catch Rate: 8.8%
   -> Prey Goal Reached!
Result: 4.8 ± 9.6 caught | First catch @ step 2 | Starved: 0/5
Generating GIF: output\toroidal_no_obstacles\cycle_10.gif...
Captured 199 frames. Saving GIF...
Saved output\toroidal_no_obstacles\cycle_10.gif

--- Cycle 11/20 ---
>> Training Predator (Goal: Catch >= 70%)...
   [Predator] Steps: 25000 | Catch Rate: 6.8%
   [Predator] Steps: 50000 | Catch Rate: 5.2%
>> Training Prey (Goal: Catch <= 40%)...
   [Baseline before prey training: 10.8%]
   [Prey] Steps: 25000 | Catch Rate: 8.4%
   -> Prey Goal Reached!
Result: 4.0 ± 8.0 caught | First catch @ step 2 | Starved: 0/5
Generating GIF: output\toroidal_no_obstacles\cycle_11.gif...
Captured 199 frames. Saving GIF...
Saved output\toroidal_no_obstacles\cycle_11.gif

--- Cycle 12/20 ---
>> Training Predator (Goal: Catch >= 70%)...
   [Predator] Steps: 25000 | Catch Rate: 6.4%
   [Predator] Steps: 50000 | Catch Rate: 6.0%
>> Training Prey (Goal: Catch <= 40%)...
   [Baseline before prey training: 4.8%]
   [Prey] Steps: 25000 | Catch Rate: 4.0%
   -> Prey Goal Reached!
Result: 2.4 ± 4.8 caught | First catch @ step 2 | Starved: 0/5
Generating GIF: output\toroidal_no_obstacles\cycle_12.gif...
Captured 199 frames. Saving GIF...
Saved output\toroidal_no_obstacles\cycle_12.gif

--- Cycle 13/20 ---
>> Training Predator (Goal: Catch >= 70%)...
   [Predator] Steps: 25000 | Catch Rate: 4.4%
   [Predator] Steps: 50000 | Catch Rate: 7.2%
>> Training Prey (Goal: Catch <= 40%)...
   [Baseline before prey training: 4.8%]
   [Prey] Steps: 25000 | Catch Rate: 5.6%
   -> Prey Goal Reached!
Result: 2.0 ± 4.0 caught | First catch @ step 2 | Starved: 0/5
Generating GIF: output\toroidal_no_obstacles\cycle_13.gif...
Captured 199 frames. Saving GIF...
Saved output\toroidal_no_obstacles\cycle_13.gif

--- Cycle 14/20 ---
>> Training Predator (Goal: Catch >= 70%)...
   [Predator] Steps: 25000 | Catch Rate: 5.2%
   [Predator] Steps: 50000 | Catch Rate: 6.8%
>> Training Prey (Goal: Catch <= 40%)...
   [Baseline before prey training: 6.0%]
   [Prey] Steps: 25000 | Catch Rate: 6.4%
   -> Prey Goal Reached!
Result: 3.0 ± 6.0 caught | First catch @ step 1 | Starved: 0/5
Generating GIF: output\toroidal_no_obstacles\cycle_14.gif...
Captured 199 frames. Saving GIF...
Saved output\toroidal_no_obstacles\cycle_14.gif

--- Cycle 15/20 ---
>> Training Predator (Goal: Catch >= 70%)...
   [Predator] Steps: 25000 | Catch Rate: 5.6%
   [Predator] Steps: 50000 | Catch Rate: 5.2%
>> Training Prey (Goal: Catch <= 40%)...
   [Baseline before prey training: 5.2%]
   [Prey] Steps: 25000 | Catch Rate: 7.2%
   -> Prey Goal Reached!
Result: 3.0 ± 6.0 caught | First catch @ step 2 | Starved: 0/5
Generating GIF: output\toroidal_no_obstacles\cycle_15.gif...
Captured 199 frames. Saving GIF...
Saved output\toroidal_no_obstacles\cycle_15.gif

--- Cycle 16/20 ---
>> Training Predator (Goal: Catch >= 70%)...
   [Predator] Steps: 25000 | Catch Rate: 6.4%
   [Predator] Steps: 50000 | Catch Rate: 5.2%
>> Training Prey (Goal: Catch <= 40%)...
   [Baseline before prey training: 8.4%]
   [Prey] Steps: 25000 | Catch Rate: 9.2%
   -> Prey Goal Reached!
Result: 3.8 ± 7.6 caught | First catch @ step 1 | Starved: 0/5
Generating GIF: output\toroidal_no_obstacles\cycle_16.gif...
Captured 199 frames. Saving GIF...
Saved output\toroidal_no_obstacles\cycle_16.gif

--- Cycle 17/20 ---
>> Training Predator (Goal: Catch >= 70%)...
   [Predator] Steps: 25000 | Catch Rate: 7.6%
   [Predator] Steps: 50000 | Catch Rate: 9.2%
>> Training Prey (Goal: Catch <= 40%)...
   [Baseline before prey training: 10.0%]
   [Prey] Steps: 25000 | Catch Rate: 5.6%
   -> Prey Goal Reached!
Result: 4.0 ± 8.0 caught | First catch @ step 2 | Starved: 0/5
Generating GIF: output\toroidal_no_obstacles\cycle_17.gif...
Captured 199 frames. Saving GIF...
Saved output\toroidal_no_obstacles\cycle_17.gif

--- Cycle 18/20 ---
>> Training Predator (Goal: Catch >= 70%)...
   [Predator] Steps: 25000 | Catch Rate: 4.8%
   [Predator] Steps: 50000 | Catch Rate: 5.2%
>> Training Prey (Goal: Catch <= 40%)...
   [Baseline before prey training: 4.4%]
   [Prey] Steps: 25000 | Catch Rate: 5.6%
   -> Prey Goal Reached!
Result: 3.6 ± 7.2 caught | First catch @ step 2 | Starved: 0/5
Generating GIF: output\toroidal_no_obstacles\cycle_18.gif...
Captured 199 frames. Saving GIF...
Saved output\toroidal_no_obstacles\cycle_18.gif

--- Cycle 19/20 ---
>> Training Predator (Goal: Catch >= 70%)...
   [Predator] Steps: 25000 | Catch Rate: 5.6%
   [Predator] Steps: 50000 | Catch Rate: 4.4%
>> Training Prey (Goal: Catch <= 40%)...
   [Baseline before prey training: 6.8%]
   [Prey] Steps: 25000 | Catch Rate: 6.8%
   -> Prey Goal Reached!
Result: 4.0 ± 8.0 caught | First catch @ step 2 | Starved: 0/5
Generating GIF: output\toroidal_no_obstacles\cycle_19.gif...
Captured 199 frames. Saving GIF...
Saved output\toroidal_no_obstacles\cycle_19.gif

--- Cycle 20/20 ---
>> Training Predator (Goal: Catch >= 70%)...
   [Predator] Steps: 25000 | Catch Rate: 10.0%
   [Predator] Steps: 50000 | Catch Rate: 8.0%
>> Training Prey (Goal: Catch <= 40%)...
   [Baseline before prey training: 4.8%]
   [Prey] Steps: 25000 | Catch Rate: 7.2%
   -> Prey Goal Reached!
Result: 3.4 ± 6.8 caught | First catch @ step 2 | Starved: 0/5
Generating GIF: output\toroidal_no_obstacles\cycle_20.gif...
Captured 199 frames. Saving GIF...
Saved output\toroidal_no_obstacles\cycle_20.gif
Training Complete.
Saved analysis to output\toroidal_no_obstacles/coevolution_analysis.png
